<?xml version="1.0" encoding="UTF-8"?>
<!-- Generated by org.testng.reporters.JUnitReportReporter -->
<testsuite hostname="DESKTOP-8IEMUER" name="launcher.CuadradoUnitarioTest" tests="4" failures="0" timestamp="17 Mar 2018 19:56:34 GMT" time="0.001" errors="0">
  <testcase name="testNoCalcularArea" time="0.000" classname="launcher.CuadradoUnitarioTest"/>
  <testcase name="testCalcularPerimetro" time="0.000" classname="launcher.CuadradoUnitarioTest"/>
  <testcase name="testCalcularArea" time="0.000" classname="launcher.CuadradoUnitarioTest"/>
  <testcase name="testErrorCalcularPerimetro" time="0.001" classname="launcher.CuadradoUnitarioTest"/>
</testsuite> <!-- launcher.CuadradoUnitarioTest -->
