<?xml version="1.0" encoding="UTF-8"?>
<!-- Generated by org.testng.reporters.JUnitReportReporter -->
<testsuite hostname="DESKTOP-8IEMUER" name="launcher.TrianguloUnitarioTest" tests="2" failures="0" timestamp="18 Mar 2018 14:21:00 GMT" time="0.001" errors="0">
  <testcase name="testErrorCalculaArea" time="0.000" classname="launcher.TrianguloUnitarioTest"/>
  <testcase name="testCalculaArea" time="0.001" classname="launcher.TrianguloUnitarioTest"/>
</testsuite> <!-- launcher.TrianguloUnitarioTest -->
