<?xml version="1.0" encoding="UTF-8"?>
<!-- Generated by org.testng.reporters.JUnitReportReporter -->
<testsuite hostname="DESKTOP-8IEMUER" name="launcher.CuadradoNGIntegracionTest" tests="2" failures="0" timestamp="18 Mar 2018 14:21:00 GMT" time="0.007" errors="0">
  <testcase name="TestCalculaAreaConSuma" time="0.007" classname="launcher.CuadradoNGIntegracionTest"/>
  <testcase name="TestCalculaPerimetroConMultiplicacion" time="0.000" classname="launcher.CuadradoNGIntegracionTest"/>
</testsuite> <!-- launcher.CuadradoNGIntegracionTest -->
