<?xml version="1.0" encoding="UTF-8"?>
<!-- Generated by org.testng.reporters.JUnitReportReporter -->
<testsuite hostname="DESKTOP-8IEMUER" name="launcher.DatosNGTest" tests="2" failures="0" timestamp="16 Mar 2018 11:00:45 GMT" time="0.181" errors="0">
  <testcase name="testReadError" time="0.001" classname="launcher.DatosNGTest"/>
  <testcase name="testRead" time="0.180" classname="launcher.DatosNGTest"/>
</testsuite> <!-- launcher.DatosNGTest -->
