<?xml version="1.0" encoding="UTF-8"?>
<!-- Generated by org.testng.reporters.JUnitReportReporter -->
<testsuite hostname="DESKTOP-8IEMUER" name="launcher.CuadradoNGIntegracionTest" tests="2" failures="0" timestamp="16 Mar 2018 09:32:58 GMT" time="0.008" errors="0">
  <testcase name="TestCalculaAreaConSuma" time="0.008" classname="launcher.CuadradoNGIntegracionTest"/>
  <testcase name="TestCalculaPerimetroConMultiplicacion" time="0.000" classname="launcher.CuadradoNGIntegracionTest"/>
</testsuite> <!-- launcher.CuadradoNGIntegracionTest -->
