<?xml version="1.0" encoding="UTF-8"?>
<!-- Generated by org.testng.reporters.JUnitReportReporter -->
<testsuite hostname="DESKTOP-8IEMUER" name="com.mmit.integracion.Conexion.ConexionNGTest" tests="4" failures="0" timestamp="24 Mar 2018 19:03:24 GMT" time="0.187" errors="0">
  <testcase name="testCerrar" time="0.001" classname="com.mmit.integracion.Conexion.ConexionNGTest"/>
  <testcase name="testGetConexion" time="0.002" classname="com.mmit.integracion.Conexion.ConexionNGTest"/>
  <testcase name="testGetResource" time="0.007" classname="com.mmit.integracion.Conexion.ConexionNGTest"/>
  <testcase name="testAbrir" time="0.177" classname="com.mmit.integracion.Conexion.ConexionNGTest"/>
</testsuite> <!-- com.mmit.integracion.Conexion.ConexionNGTest -->
