<?xml version="1.0" encoding="UTF-8"?>
<!-- Generated by org.testng.reporters.JUnitReportReporter -->
<testsuite hostname="DESKTOP-8IEMUER" name="com.mmit.integracion.equipos.EquiposDAONGTest" tests="1" failures="0" timestamp="25 Mar 2018 11:45:52 GMT" time="0.005" errors="0">
  <testcase name="testListarEquipos" time="0.005" classname="com.mmit.integracion.equipos.EquiposDAONGTest"/>
</testsuite> <!-- com.mmit.integracion.equipos.EquiposDAONGTest -->
